<?xml version="1.0" encoding="UTF-8"?>
<!-- Generated by org.testng.reporters.JUnitXMLReporter -->
<testsuite ignored="0" hostname="LAPTOP-49M6U0LE" failures="0" tests="7" name="Default test" time="9931.613" errors="0" timestamp="2024-06-15T20:00:53 IST">
  <testcase classname="org.output.Login" name="login" time="4.018"/>
  <testcase classname="org.output.Login" name="addUserAddress" time="1.463"/>
  <testcase classname="org.output.Login" name="updateUserAddress" time="1.284"/>
  <testcase classname="org.output.Login" name="getUserAddress" time="1.61"/>
  <testcase classname="org.output.Login" name="deleteAddress" time="9921.577"/>
  <testcase classname="org.output.Login" name="searchProduct" time="1.033"/>
  <testcase classname="org.output.Login" name="stateList" time="0.56"/>
</testsuite> <!-- Default test -->
