<?xml version="1.0" encoding="UTF-8"?>
<testng-results ignored="0" total="7" passed="7" failed="0" skipped="0">
  <reporter-output>
  </reporter-output>
  <suite started-at="2024-06-15T17:15:21 IST" name="Default suite" finished-at="2024-06-15T20:00:53 IST" duration-ms="9931613">
    <groups>
    </groups>
    <test started-at="2024-06-15T17:15:21 IST" name="Default test" finished-at="2024-06-15T20:00:53 IST" duration-ms="9931613">
      <class name="org.output.Login">
        <test-method signature="login()[pri:1, instance:org.output.Login@74e28667]" started-at="2024-06-15T17:15:21 IST" name="login" finished-at="2024-06-15T17:15:25 IST" duration-ms="4018" status="PASS">
          <reporter-output>
          </reporter-output>
        </test-method> <!-- login -->
        <test-method signature="addUserAddress()[pri:2, instance:org.output.Login@74e28667]" started-at="2024-06-15T17:15:25 IST" name="addUserAddress" finished-at="2024-06-15T17:15:27 IST" duration-ms="1463" status="PASS">
          <reporter-output>
          </reporter-output>
        </test-method> <!-- addUserAddress -->
        <test-method signature="updateUserAddress()[pri:3, instance:org.output.Login@74e28667]" started-at="2024-06-15T17:15:27 IST" name="updateUserAddress" finished-at="2024-06-15T17:15:28 IST" duration-ms="1284" status="PASS">
          <reporter-output>
          </reporter-output>
        </test-method> <!-- updateUserAddress -->
        <test-method signature="getUserAddress()[pri:4, instance:org.output.Login@74e28667]" started-at="2024-06-15T17:15:28 IST" name="getUserAddress" finished-at="2024-06-15T17:15:30 IST" duration-ms="1610" status="PASS">
          <reporter-output>
          </reporter-output>
        </test-method> <!-- getUserAddress -->
        <test-method signature="deleteAddress()[pri:5, instance:org.output.Login@74e28667]" started-at="2024-06-15T17:15:30 IST" name="deleteAddress" finished-at="2024-06-15T20:00:51 IST" duration-ms="9921577" status="PASS">
          <reporter-output>
          </reporter-output>
        </test-method> <!-- deleteAddress -->
        <test-method signature="searchProduct()[pri:6, instance:org.output.Login@74e28667]" started-at="2024-06-15T20:00:51 IST" name="searchProduct" finished-at="2024-06-15T20:00:52 IST" duration-ms="1033" status="PASS">
          <reporter-output>
          </reporter-output>
        </test-method> <!-- searchProduct -->
        <test-method signature="stateList()[pri:7, instance:org.output.Login@74e28667]" started-at="2024-06-15T20:00:52 IST" name="stateList" finished-at="2024-06-15T20:00:53 IST" duration-ms="560" status="PASS">
          <reporter-output>
          </reporter-output>
        </test-method> <!-- stateList -->
      </class> <!-- org.output.Login -->
    </test> <!-- Default test -->
  </suite> <!-- Default suite -->
</testng-results>
